INFO:     Will watch for changes in these directories: ['/Users/sanjaykumar/Desktop/hotel_billing/app']
INFO:     Uvicorn running on http://127.0.0.1:8000 (Press CTRL+C to quit)
INFO:     Started reloader process [81043] using WatchFiles
INFO:     Started server process [81090]
INFO:     Waiting for application startup.
INFO:     Application startup complete.
INFO:     127.0.0.1:62944 - "GET /health HTTP/1.1" 200 OK
INFO:     127.0.0.1:62945 - "POST /tax_slabs/ HTTP/1.1" 404 Not Found
INFO:     127.0.0.1:62946 - "POST /tax_slabs/ HTTP/1.1" 404 Not Found
INFO:     127.0.0.1:62947 - "POST /tax_slabs/ HTTP/1.1" 404 Not Found
INFO:     127.0.0.1:62948 - "POST /employees/ HTTP/1.1" 200 OK
INFO:     127.0.0.1:62949 - "POST /products/ HTTP/1.1" 200 OK
INFO:     127.0.0.1:62950 - "POST /invoices/ HTTP/1.1" 500 Internal Server Error
ERROR:    Exception in ASGI application
Traceback (most recent call last):
  File "/Users/sanjaykumar/Desktop/hotel_billing/.venv/lib/python3.11/site-packages/uvicorn/protocols/http/httptools_impl.py", line 435, in run_asgi
    result = await app(  # type: ignore[func-returns-value]
             ^^^^^^^^^^^^^^^^^^^^^^^^^^^^^^^^^^^^^^^^^^^^^^
  File "/Users/sanjaykumar/Desktop/hotel_billing/.venv/lib/python3.11/site-packages/uvicorn/middleware/proxy_headers.py", line 78, in __call__
    return await self.app(scope, receive, send)
           ^^^^^^^^^^^^^^^^^^^^^^^^^^^^^^^^^^^^
  File "/Users/sanjaykumar/Desktop/hotel_billing/.venv/lib/python3.11/site-packages/fastapi/applications.py", line 289, in __call__
    await super().__call__(scope, receive, send)
  File "/Users/sanjaykumar/Desktop/hotel_billing/.venv/lib/python3.11/site-packages/starlette/applications.py", line 122, in __call__
    await self.middleware_stack(scope, receive, send)
  File "/Users/sanjaykumar/Desktop/hotel_billing/.venv/lib/python3.11/site-packages/starlette/middleware/errors.py", line 184, in __call__
    raise exc
  File "/Users/sanjaykumar/Desktop/hotel_billing/.venv/lib/python3.11/site-packages/starlette/middleware/errors.py", line 162, in __call__
    await self.app(scope, receive, _send)
  File "/Users/sanjaykumar/Desktop/hotel_billing/.venv/lib/python3.11/site-packages/starlette/middleware/exceptions.py", line 79, in __call__
    raise exc
  File "/Users/sanjaykumar/Desktop/hotel_billing/.venv/lib/python3.11/site-packages/starlette/middleware/exceptions.py", line 68, in __call__
    await self.app(scope, receive, sender)
  File "/Users/sanjaykumar/Desktop/hotel_billing/.venv/lib/python3.11/site-packages/fastapi/middleware/asyncexitstack.py", line 20, in __call__
    raise e
  File "/Users/sanjaykumar/Desktop/hotel_billing/.venv/lib/python3.11/site-packages/fastapi/middleware/asyncexitstack.py", line 17, in __call__
    await self.app(scope, receive, send)
  File "/Users/sanjaykumar/Desktop/hotel_billing/.venv/lib/python3.11/site-packages/starlette/routing.py", line 718, in __call__
    await route.handle(scope, receive, send)
  File "/Users/sanjaykumar/Desktop/hotel_billing/.venv/lib/python3.11/site-packages/starlette/routing.py", line 276, in handle
    await self.app(scope, receive, send)
  File "/Users/sanjaykumar/Desktop/hotel_billing/.venv/lib/python3.11/site-packages/starlette/routing.py", line 66, in app
    response = await func(request)
               ^^^^^^^^^^^^^^^^^^^
  File "/Users/sanjaykumar/Desktop/hotel_billing/.venv/lib/python3.11/site-packages/fastapi/routing.py", line 291, in app
    content = await serialize_response(
              ^^^^^^^^^^^^^^^^^^^^^^^^^
  File "/Users/sanjaykumar/Desktop/hotel_billing/.venv/lib/python3.11/site-packages/fastapi/routing.py", line 154, in serialize_response
    raise ResponseValidationError(
fastapi.exceptions.ResponseValidationError
WARNING:  WatchFiles detected changes in 'app/api/invoices.py'. Reloading...
INFO:     Shutting down
INFO:     Waiting for application shutdown.
INFO:     Application shutdown complete.
INFO:     Finished server process [81090]
INFO:     Started server process [81292]
INFO:     Waiting for application startup.
INFO:     Application startup complete.
INFO:     Shutting down
INFO:     Waiting for application shutdown.
INFO:     Application shutdown complete.
INFO:     Finished server process [81292]
INFO:     Stopping reloader process [81043]
